<?xml version="1.0" encoding="UTF-8"?>
<!-- Generated by org.testng.reporters.JUnitXMLReporter -->
<testsuite ignored="0" hostname="DESKTOP-5MKITOR" failures="0" tests="4" name="Default test" time="0.094" errors="0" timestamp="2022-03-08T15:27:46 IST">
  <testcase classname="Test.dbtest" name="testcase1" time="0.007"/>
  <testcase classname="Test.dbtest" name="testcase1" time="0.006"/>
  <testcase classname="Test.dbtest" name="testcase1" time="0.002"/>
  <testcase classname="Test.dbtest" name="testcase1" time="0.002"/>
</testsuite> <!-- Default test -->
