<?xml version="1.0" encoding="UTF-8"?>
<!-- Generated by org.testng.reporters.JUnitXMLReporter -->
<testsuite ignored="0" hostname="DESKTOP-5MKITOR" failures="0" tests="4" name="classtest" time="0.085" errors="0" timestamp="2022-03-02T14:43:41 IST">
  <testcase classname="Test.dbtest" name="testcase1" time="0.006"/>
  <testcase classname="Test.dbtest" name="testcase1" time="0.002"/>
  <testcase classname="Test.dbtest" name="testcase1" time="0.002"/>
  <testcase classname="Test.dbtest" name="testcase1" time="0.002"/>
</testsuite> <!-- classtest -->
