<?xml version="1.0" encoding="UTF-8"?>
<!-- Generated by org.testng.reporters.JUnitXMLReporter -->
<testsuite ignored="2" hostname="DESKTOP-5MKITOR" failures="0" tests="5" name="demomer" time="0.102" errors="0" timestamp="2022-02-28T18:15:07 IST">
  <testcase classname="Test.test2" name="demo3" time="0.006"/>
  <testcase classname="Test.test1" name="demo1" time="0.004"/>
  <testcase classname="Test.test1" name="demome" time="0.002"/>
  <testcase classname="Test.test1" name="demomer" time="0.016"/>
  <testcase classname="Test.test1" name="friend" time="0.003"/>
  <testcase classname="Test.Test3" name="momos7" time="0.0">
    <ignored/>
  </testcase> <!-- momos7 -->
  <testcase classname="Test.test1" name="demom" time="0.0">
    <ignored/>
  </testcase> <!-- demom -->
</testsuite> <!-- demomer -->
