<?xml version="1.0" encoding="UTF-8"?>
<!-- Generated by org.testng.reporters.JUnitXMLReporter -->
<testsuite ignored="0" hostname="DESKTOP-5MKITOR" failures="1" tests="1" name="demo2" time="0.077" errors="0" timestamp="2022-03-01T16:58:37 IST">
  <testcase classname="Test.ListenerClass1" name="classtest" time="0.014">
    <failure type="java.lang.AssertionError" message="expected [Bynarics] but found [hi]">
      <![CDATA[java.lang.AssertionError: expected [Bynarics] but found [hi]
at Test.ListenerClass1.classtest(ListenerClass1.java:13)
at java.base/java.util.ArrayList.forEach(ArrayList.java:1511)
... Removed 33 stack frames]]>
    </failure>
  </testcase> <!-- classtest -->
</testsuite> <!-- demo2 -->
