<?xml version="1.0" encoding="UTF-8"?>
<!-- Generated by org.testng.reporters.JUnitXMLReporter -->
<testsuite ignored="0" hostname="DESKTOP-5MKITOR" failures="0" tests="7" name="momos" time="0.084" errors="0" timestamp="2022-02-24T16:05:29 IST">
  <testcase classname="Test.test1" name="demo1" time="0.012"/>
  <testcase classname="Test.test1" name="demo2" time="0.002"/>
  <testcase classname="Test.test2" name="demo3" time="0.001"/>
  <testcase classname="Test.test2" name="demo4" time="0.002"/>
  <testcase classname="Test.Test3" name="mamos5" time="0.001"/>
  <testcase classname="Test.Test3" name="momos6" time="0.001"/>
  <testcase classname="Test.Test3" name="momos7" time="0.002"/>
</testsuite> <!-- momos -->
