<?xml version="1.0" encoding="UTF-8"?>
<!-- Generated by org.testng.reporters.JUnitXMLReporter -->
<testsuite ignored="1" hostname="DESKTOP-5MKITOR" failures="0" tests="2" name="Regression Test" time="0.062" errors="0" timestamp="2022-02-25T15:02:24 IST">
  <testcase classname="Test.test1" name="demo1" time="0.01"/>
  <testcase classname="Test.Test3" name="momos7" time="0.002"/>
  <testcase classname="Test.test2" name="demo3" time="0.0">
    <ignored/>
  </testcase> <!-- demo3 -->
</testsuite> <!-- Regression Test -->
