<?xml version="1.0" encoding="UTF-8"?>
<testng-results ignored="0" total="4" passed="4" failed="0" skipped="0">
  <reporter-output>
  </reporter-output>
  <suite started-at="2022-03-08T15:27:46 IST" name="Default suite" finished-at="2022-03-08T15:27:46 IST" duration-ms="94">
    <groups>
    </groups>
    <test started-at="2022-03-08T15:27:46 IST" name="Default test" finished-at="2022-03-08T15:27:46 IST" duration-ms="94">
      <class name="Test.dbtest">
        <test-method signature="testcase1(java.lang.String,java.lang.String)[pri:0, instance:Test.dbtest@13b13b5d]" started-at="2022-03-08T15:27:46 IST" name="testcase1" data-provider="myData1" finished-at="2022-03-08T15:27:46 IST" duration-ms="7" status="PASS">
          <params>
            <param index="0">
              <value>
                <![CDATA[user1]]>
              </value>
            </param>
            <param index="1">
              <value>
                <![CDATA[pwd1]]>
              </value>
            </param>
          </params>
          <reporter-output>
          </reporter-output>
        </test-method> <!-- testcase1 -->
        <test-method signature="testcase1(java.lang.String,java.lang.String)[pri:0, instance:Test.dbtest@13b13b5d]" started-at="2022-03-08T15:27:46 IST" name="testcase1" data-provider="myData1" finished-at="2022-03-08T15:27:46 IST" duration-ms="6" status="PASS">
          <params>
            <param index="0">
              <value>
                <![CDATA[user2]]>
              </value>
            </param>
            <param index="1">
              <value>
                <![CDATA[pwd2]]>
              </value>
            </param>
          </params>
          <reporter-output>
          </reporter-output>
        </test-method> <!-- testcase1 -->
        <test-method signature="testcase1(java.lang.String,java.lang.String)[pri:0, instance:Test.dbtest@13b13b5d]" started-at="2022-03-08T15:27:46 IST" name="testcase1" data-provider="myData1" finished-at="2022-03-08T15:27:46 IST" duration-ms="2" status="PASS">
          <params>
            <param index="0">
              <value>
                <![CDATA[user3]]>
              </value>
            </param>
            <param index="1">
              <value>
                <![CDATA[pwd3]]>
              </value>
            </param>
          </params>
          <reporter-output>
          </reporter-output>
        </test-method> <!-- testcase1 -->
        <test-method signature="testcase1(java.lang.String,java.lang.String)[pri:0, instance:Test.dbtest@13b13b5d]" started-at="2022-03-08T15:27:46 IST" name="testcase1" data-provider="myData1" finished-at="2022-03-08T15:27:46 IST" duration-ms="2" status="PASS">
          <params>
            <param index="0">
              <value>
                <![CDATA[user4]]>
              </value>
            </param>
            <param index="1">
              <value>
                <![CDATA[pwd4]]>
              </value>
            </param>
          </params>
          <reporter-output>
          </reporter-output>
        </test-method> <!-- testcase1 -->
      </class> <!-- Test.dbtest -->
    </test> <!-- Default test -->
  </suite> <!-- Default suite -->
</testng-results>
